[debug] [2021-10-05T12:25:56.490Z] ----------------------------------------------------------------------
[debug] [2021-10-05T12:25:56.491Z] Command:       /usr/local/bin/firebase /Users/yuriydeneha/.cache/firebase/tools/lib/node_modules/firebase-tools/lib/bin/firebase deploy
[debug] [2021-10-05T12:25:56.491Z] CLI Version:   9.1.0
[debug] [2021-10-05T12:25:56.491Z] Platform:      darwin
[debug] [2021-10-05T12:25:56.491Z] Node Version:  v12.18.1
[debug] [2021-10-05T12:25:56.495Z] Time:          Tue Oct 05 2021 15:25:56 GMT+0300 (Eastern European Summer Time)
[debug] [2021-10-05T12:25:56.496Z] ----------------------------------------------------------------------
[debug] [2021-10-05T12:25:56.496Z] 
[debug] [2021-10-05T12:25:56.502Z] > command requires scopes: ["email","openid","https://www.googleapis.com/auth/cloudplatformprojects.readonly","https://www.googleapis.com/auth/firebase","https://www.googleapis.com/auth/cloud-platform"]
[debug] [2021-10-05T12:25:56.503Z] > authorizing via signed-in user
[debug] [2021-10-05T12:25:56.503Z] [iam] checking project angular-firebase-ssr-812f6 for permissions ["cloudfunctions.functions.create","cloudfunctions.functions.delete","cloudfunctions.functions.get","cloudfunctions.functions.list","cloudfunctions.functions.update","cloudfunctions.operations.get","firebase.projects.get","firebasehosting.sites.update"]
[debug] [2021-10-05T12:25:56.505Z] >>> HTTP REQUEST POST https://cloudresourcemanager.googleapis.com/v1/projects/angular-firebase-ssr-812f6:testIamPermissions  
 {"permissions":["cloudfunctions.functions.create","cloudfunctions.functions.delete","cloudfunctions.functions.get","cloudfunctions.functions.list","cloudfunctions.functions.update","cloudfunctions.operations.get","firebase.projects.get","firebasehosting.sites.update"]}
[debug] [2021-10-05T12:25:57.394Z] <<< HTTP RESPONSE 200 {"content-type":"application/json; charset=UTF-8","vary":"X-Origin, Referer, Origin,Accept-Encoding","date":"Tue, 05 Oct 2021 12:25:57 GMT","server":"ESF","cache-control":"private","x-xss-protection":"0","x-frame-options":"SAMEORIGIN","x-content-type-options":"nosniff","server-timing":"gfet4t7; dur=678","alt-svc":"h3=\":443\"; ma=2592000,h3-29=\":443\"; ma=2592000,h3-T051=\":443\"; ma=2592000,h3-Q050=\":443\"; ma=2592000,h3-Q046=\":443\"; ma=2592000,h3-Q043=\":443\"; ma=2592000,quic=\":443\"; ma=2592000; v=\"46,43\"","accept-ranges":"none","transfer-encoding":"chunked"}
[debug] [2021-10-05T12:25:57.395Z] >>> HTTP REQUEST POST https://iam.googleapis.com/v1/projects/angular-firebase-ssr-812f6/serviceAccounts/angular-firebase-ssr-812f6@appspot.gserviceaccount.com:testIamPermissions  
 {"permissions":["iam.serviceAccounts.actAs"]}
[debug] [2021-10-05T12:25:58.212Z] <<< HTTP RESPONSE 200 {"content-type":"application/json; charset=UTF-8","vary":"X-Origin, Referer, Origin,Accept-Encoding","date":"Tue, 05 Oct 2021 12:25:58 GMT","server":"ESF","cache-control":"private","x-xss-protection":"0","x-frame-options":"SAMEORIGIN","x-content-type-options":"nosniff","alt-svc":"h3=\":443\"; ma=2592000,h3-29=\":443\"; ma=2592000,h3-T051=\":443\"; ma=2592000,h3-Q050=\":443\"; ma=2592000,h3-Q046=\":443\"; ma=2592000,h3-Q043=\":443\"; ma=2592000,quic=\":443\"; ma=2592000; v=\"46,43\"","accept-ranges":"none","transfer-encoding":"chunked"}
[debug] [2021-10-05T12:25:58.213Z] >>> HTTP REQUEST GET https://firebase.googleapis.com/v1beta1/projects/angular-firebase-ssr-812f6  
 
[debug] [2021-10-05T12:25:58.511Z] <<< HTTP RESPONSE 200 {"content-type":"application/json; charset=UTF-8","vary":"X-Origin, Referer, Origin,Accept-Encoding","date":"Tue, 05 Oct 2021 12:25:58 GMT","server":"ESF","cache-control":"private","x-xss-protection":"0","x-frame-options":"SAMEORIGIN","x-content-type-options":"nosniff","alt-svc":"h3=\":443\"; ma=2592000,h3-29=\":443\"; ma=2592000,h3-T051=\":443\"; ma=2592000,h3-Q050=\":443\"; ma=2592000,h3-Q046=\":443\"; ma=2592000,h3-Q043=\":443\"; ma=2592000,quic=\":443\"; ma=2592000; v=\"46,43\"","accept-ranges":"none","transfer-encoding":"chunked"}
[info] 
[info] === Deploying to 'angular-firebase-ssr-812f6'...
[info] 
[info] i  deploying functions, hosting 
[info] Running command: npm --prefix "$RESOURCE_DIR" run build
[info] ✔  functions: Finished running predeploy script. 
[debug] [2021-10-05T12:26:05.183Z] > [functions] package.json contents: {
  "name": "functions",
  "scripts": {
    "copy": "node cp-angular",
    "build": "tsc",
    "serve": "npm run build && firebase emulators:start --only functions",
    "shell": "npm run build && firebase functions:shell",
    "start": "npm run shell",
    "deploy": "firebase deploy --only functions",
    "logs": "firebase functions:log"
  },
  "engines": {
    "node": "12"
  },
  "main": "lib/index.js",
  "dependencies": {
    "firebase-admin": "^9.2.0",
    "firebase-functions": "^3.11.0",
    "fs-extra": "^10.0.0",
    "rxjs": "^7.3.1"
  },
  "devDependencies": {
    "firebase-functions-test": "^0.2.0",
    "typescript": "^3.8.0"
  },
  "private": true
}
[info] i  functions: ensuring required API cloudfunctions.googleapis.com is enabled... 
[info] i  functions: ensuring required API cloudbuild.googleapis.com is enabled... 
[debug] [2021-10-05T12:26:06.060Z] >>> HTTP REQUEST GET https://serviceusage.googleapis.com/v1/projects/angular-firebase-ssr-812f6/services/cloudfunctions.googleapis.com  
 
[debug] [2021-10-05T12:26:06.061Z] >>> HTTP REQUEST GET https://serviceusage.googleapis.com/v1/projects/angular-firebase-ssr-812f6/services/runtimeconfig.googleapis.com  
 
[debug] [2021-10-05T12:26:06.061Z] >>> HTTP REQUEST GET https://serviceusage.googleapis.com/v1/projects/angular-firebase-ssr-812f6/services/cloudbuild.googleapis.com  
 
[debug] [2021-10-05T12:26:07.078Z] <<< HTTP RESPONSE 200 {"content-type":"application/json; charset=UTF-8","vary":"X-Origin, Referer, Origin,Accept-Encoding","date":"Tue, 05 Oct 2021 12:26:07 GMT","server":"ESF","cache-control":"private","x-xss-protection":"0","x-frame-options":"SAMEORIGIN","x-content-type-options":"nosniff","alt-svc":"h3=\":443\"; ma=2592000,h3-29=\":443\"; ma=2592000,h3-T051=\":443\"; ma=2592000,h3-Q050=\":443\"; ma=2592000,h3-Q046=\":443\"; ma=2592000,h3-Q043=\":443\"; ma=2592000,quic=\":443\"; ma=2592000; v=\"46,43\"","accept-ranges":"none","transfer-encoding":"chunked"}
[debug] [2021-10-05T12:26:07.127Z] <<< HTTP RESPONSE 200 {"content-type":"application/json; charset=UTF-8","vary":"X-Origin, Referer, Origin,Accept-Encoding","date":"Tue, 05 Oct 2021 12:26:07 GMT","server":"ESF","cache-control":"private","x-xss-protection":"0","x-frame-options":"SAMEORIGIN","x-content-type-options":"nosniff","alt-svc":"h3=\":443\"; ma=2592000,h3-29=\":443\"; ma=2592000,h3-T051=\":443\"; ma=2592000,h3-Q050=\":443\"; ma=2592000,h3-Q046=\":443\"; ma=2592000,h3-Q043=\":443\"; ma=2592000,quic=\":443\"; ma=2592000; v=\"46,43\"","accept-ranges":"none","transfer-encoding":"chunked"}
[info] ✔  functions: required API cloudbuild.googleapis.com is enabled 
[debug] [2021-10-05T12:26:07.132Z] <<< HTTP RESPONSE 200 {"content-type":"application/json; charset=UTF-8","vary":"X-Origin, Referer, Origin,Accept-Encoding","date":"Tue, 05 Oct 2021 12:26:07 GMT","server":"ESF","cache-control":"private","x-xss-protection":"0","x-frame-options":"SAMEORIGIN","x-content-type-options":"nosniff","alt-svc":"h3=\":443\"; ma=2592000,h3-29=\":443\"; ma=2592000,h3-T051=\":443\"; ma=2592000,h3-Q050=\":443\"; ma=2592000,h3-Q046=\":443\"; ma=2592000,h3-Q043=\":443\"; ma=2592000,quic=\":443\"; ma=2592000; v=\"46,43\"","accept-ranges":"none","transfer-encoding":"chunked"}
[info] ✔  functions: required API cloudfunctions.googleapis.com is enabled 
[debug] [2021-10-05T12:26:07.133Z] >>> HTTP REQUEST GET https://firebase.googleapis.com/v1beta1/projects/angular-firebase-ssr-812f6/adminSdkConfig  
 
[debug] [2021-10-05T12:26:07.422Z] <<< HTTP RESPONSE 200 {"content-type":"application/json; charset=UTF-8","vary":"X-Origin, Referer, Origin,Accept-Encoding","date":"Tue, 05 Oct 2021 12:26:07 GMT","server":"ESF","cache-control":"private","x-xss-protection":"0","x-frame-options":"SAMEORIGIN","x-content-type-options":"nosniff","alt-svc":"h3=\":443\"; ma=2592000,h3-29=\":443\"; ma=2592000,h3-T051=\":443\"; ma=2592000,h3-Q050=\":443\"; ma=2592000,h3-Q046=\":443\"; ma=2592000,h3-Q043=\":443\"; ma=2592000,quic=\":443\"; ma=2592000; v=\"46,43\"","accept-ranges":"none","transfer-encoding":"chunked"}
[debug] [2021-10-05T12:26:07.425Z] >>> HTTP REQUEST POST https://firebasehosting.googleapis.com/v1beta1/sites/angular-firebase-ssr-812f6/versions  
 {"config":{"rewrites":[{"glob":"**","function":"ssr"}]},"labels":{"deployment-tool":"cli-firebase"}}
[debug] [2021-10-05T12:26:08.815Z] <<< HTTP RESPONSE 200 {"content-type":"application/json; charset=UTF-8","vary":"X-Origin, Referer, Origin,Accept-Encoding","date":"Tue, 05 Oct 2021 12:26:08 GMT","server":"ESF","cache-control":"private","x-xss-protection":"0","x-frame-options":"SAMEORIGIN","x-content-type-options":"nosniff","alt-svc":"h3=\":443\"; ma=2592000,h3-29=\":443\"; ma=2592000,h3-T051=\":443\"; ma=2592000,h3-Q050=\":443\"; ma=2592000,h3-Q046=\":443\"; ma=2592000,h3-Q043=\":443\"; ma=2592000,quic=\":443\"; ma=2592000; v=\"46,43\"","accept-ranges":"none","transfer-encoding":"chunked"}
[info] i  functions: preparing functions directory for uploading... 
[debug] [2021-10-05T12:26:08.817Z] >>> HTTP REQUEST GET https://runtimeconfig.googleapis.com/v1beta1/projects/angular-firebase-ssr-812f6/configs  
 
[debug] [2021-10-05T12:26:09.735Z] <<< HTTP RESPONSE 200 {"content-type":"application/json; charset=UTF-8","vary":"X-Origin, Referer, Origin,Accept-Encoding","date":"Tue, 05 Oct 2021 12:26:09 GMT","server":"ESF","cache-control":"private","x-xss-protection":"0","x-frame-options":"SAMEORIGIN","x-content-type-options":"nosniff","alt-svc":"h3=\":443\"; ma=2592000,h3-29=\":443\"; ma=2592000,h3-T051=\":443\"; ma=2592000,h3-Q050=\":443\"; ma=2592000,h3-Q046=\":443\"; ma=2592000,h3-Q043=\":443\"; ma=2592000,quic=\":443\"; ma=2592000; v=\"46,43\"","accept-ranges":"none","transfer-encoding":"chunked"}
[info] i  functions: packaged functions (6.37 MB) for uploading 
[debug] [2021-10-05T12:26:11.074Z] >>> HTTP REQUEST GET https://cloudfunctions.googleapis.com/v1/projects/angular-firebase-ssr-812f6/locations/-/functions  
 
[debug] [2021-10-05T12:26:11.759Z] <<< HTTP RESPONSE 200 {"content-type":"application/json; charset=UTF-8","vary":"X-Origin, Referer, Origin,Accept-Encoding","date":"Tue, 05 Oct 2021 12:26:11 GMT","server":"ESF","cache-control":"private","x-xss-protection":"0","x-frame-options":"SAMEORIGIN","x-content-type-options":"nosniff","alt-svc":"h3=\":443\"; ma=2592000,h3-29=\":443\"; ma=2592000,h3-T051=\":443\"; ma=2592000,h3-Q050=\":443\"; ma=2592000,h3-Q046=\":443\"; ma=2592000,h3-Q043=\":443\"; ma=2592000,quic=\":443\"; ma=2592000; v=\"46,43\"","accept-ranges":"none","transfer-encoding":"chunked"}
[debug] [2021-10-05T12:26:11.760Z] >>> HTTP REQUEST POST https://cloudfunctions.googleapis.com/v1/projects/angular-firebase-ssr-812f6/locations/us-central1/functions:generateUploadUrl  
 
[debug] [2021-10-05T12:26:12.614Z] <<< HTTP RESPONSE 200 {"content-type":"application/json; charset=UTF-8","vary":"X-Origin, Referer, Origin,Accept-Encoding","date":"Tue, 05 Oct 2021 12:26:12 GMT","server":"ESF","cache-control":"private","x-xss-protection":"0","x-frame-options":"SAMEORIGIN","x-content-type-options":"nosniff","alt-svc":"h3=\":443\"; ma=2592000,h3-29=\":443\"; ma=2592000,h3-T051=\":443\"; ma=2592000,h3-Q050=\":443\"; ma=2592000,h3-Q046=\":443\"; ma=2592000,h3-Q043=\":443\"; ma=2592000,quic=\":443\"; ma=2592000; v=\"46,43\"","accept-ranges":"none","transfer-encoding":"chunked"}
[debug] [2021-10-05T12:26:12.614Z] >>> HTTP REQUEST PUT https://storage.googleapis.com/gcf-upload-us-central1-ed84ae19-f160-45a6-ab66-5fc756b3bd08/7549dc6d-539e-4555-be8a-34e6b0f76e2c.zip?GoogleAccessId=service-974377673103@gcf-admin-robot.iam.gserviceaccount.com&Expires=1633438572&Signature=PKer4FLq8VYV3nC%2B8SUfQznb9lD%2BuEIdlqIhYoL6CXRGo96%2BHr0RCj3dQub17AtUAzLBIGBJ5wgHQyMMgX0bqQOShUIFIhCNxyC4Seh5QXa8JjlAEzpU77HqqmqtdPCas3Ly2iVKpY1sF7u0WMpaBX2%2FY0060Pc88Y1eFHkslaC9LBpNe3hs5jHNzSsYUlO%2Fs8sWRHRiDAqO4YqlQjwrcTp4Zz86cAAPzTXVJFaGP5%2FFiXtRIpgR%2FmH3QRBV%2BLeULZAUAwTtGoQ%2Bz5o96AICopAwntbvctvR51%2BybUzQHS6Bc9CXtc422A8Mq6xC8c5aj%2FfNUMENl9Uc7F8wSn5Lhw%3D%3D  
 <request body omitted>
[debug] [2021-10-05T12:26:15.556Z] <<< HTTP RESPONSE 200 {"x-guploader-uploadid":"ADPycduItpym-5fj-pZwqZMdpG7lis9SsuKBOyh8V47Di-WhqwqV63wWvzn01h3GUzty0EGoyZaGww7hNUTD1PV6oitOeC0wsA","etag":"\"7a9d3323f131bd4cf7bb6c65f833666c\"","x-goog-generation":"1633436775556397","x-goog-metageneration":"1","x-goog-hash":"crc32c=RNQi9w==, md5=ep0zI/ExvUz3u2xl+DNmbA==","x-goog-stored-content-length":"6676905","x-goog-stored-content-encoding":"identity","vary":"Origin","content-length":"0","date":"Tue, 05 Oct 2021 12:26:15 GMT","server":"UploadServer","content-type":"text/html; charset=UTF-8","alt-svc":"h3=\":443\"; ma=2592000,h3-29=\":443\"; ma=2592000,h3-T051=\":443\"; ma=2592000,h3-Q050=\":443\"; ma=2592000,h3-Q046=\":443\"; ma=2592000,h3-Q043=\":443\"; ma=2592000,quic=\":443\"; ma=2592000; v=\"46,43\""}
[info] ✔  functions: functions folder uploaded successfully 
[info] i  hosting[angular-firebase-ssr-812f6]: beginning deploy... 
[info] i  hosting[angular-firebase-ssr-812f6]: found 50 files in dist/angular-12-ssr-firebase-starter/browser 
[debug] [2021-10-05T12:26:15.687Z] > refreshing access token with scopes: []
[debug] [2021-10-05T12:26:15.687Z] >>> HTTP REQUEST POST https://www.googleapis.com/oauth2/v3/token  
 <request body omitted>
[debug] [2021-10-05T12:26:15.689Z] [hosting] hash cache [ZGlzdC9hbmd1bGFyLTEyLXNzci1maXJlYmFzZS1zdGFydGVyL2Jyb3dzZXI] stored for 50 files
[debug] [2021-10-05T12:26:15.689Z] [hosting][hash queue][FINAL] {"max":111,"min":20,"avg":29.28,"active":0,"complete":50,"success":50,"errored":0,"retried":0,"total":50,"elapsed":120}
[debug] [2021-10-05T12:26:15.840Z] <<< HTTP RESPONSE 200 {"pragma":"no-cache","date":"Tue, 05 Oct 2021 12:26:15 GMT","expires":"Mon, 01 Jan 1990 00:00:00 GMT","cache-control":"no-cache, no-store, max-age=0, must-revalidate","content-type":"application/json; charset=utf-8","vary":"X-Origin, Referer, Origin,Accept-Encoding","server":"scaffolding on HTTPServer2","x-xss-protection":"0","x-frame-options":"SAMEORIGIN","x-content-type-options":"nosniff","alt-svc":"h3=\":443\"; ma=2592000,h3-29=\":443\"; ma=2592000,h3-T051=\":443\"; ma=2592000,h3-Q050=\":443\"; ma=2592000,h3-Q046=\":443\"; ma=2592000,h3-Q043=\":443\"; ma=2592000,quic=\":443\"; ma=2592000; v=\"46,43\"","accept-ranges":"none","transfer-encoding":"chunked"}
[debug] [2021-10-05T12:26:15.873Z] >>> [apiv2][query] POST https://firebasehosting.googleapis.com/v1beta1/sites/angular-firebase-ssr-812f6/versions/5606257627536963:populateFiles [none]
[debug] [2021-10-05T12:26:15.873Z] >>> [apiv2][body] POST https://firebasehosting.googleapis.com/v1beta1/sites/angular-firebase-ssr-812f6/versions/5606257627536963:populateFiles {"files":{"/141.5c42dd194c6b8de15018.js":"4411ef5cca60c8d53c1c93b8c381ded3fd4565bfe7a8a6fb6cfc2ffd8b36a467","/17.fae04b98f755e5479814.js":"09c092ed07a89b5aef28e9c59715fb0c558c5b91d945ed71597d4db5ead582ad","/177.e1b040cf6aa3e9065b71.js":"9bc2d9f778dae9710e10ed43420bae10d63e456766836efc58a3c29366ea7cc4","/215.d2ab1b5f1e89ebc0ebcf.js":"de308d0fb273dbb03f03479383e941ecc18ed2a9e76f6dd1af29050de723a951","/278.36bd274221acae6b92d2.js":"a68ed342e7eac30e0f95f43e21abb458fede68632c109ab52c8513f22d8fcf2b","/297.912b263be45f5901c06e.js":"746aebe21b729821323cd71d95cdf546f7adbf357b88d138a7ae486e0122fba4","/289.f40df0eb11785b15eb72.js":"0ecda537147d29d6328be966e9044f4c72287bf6e37dd61d0d17b52a953faf5a","/351.7e18fe418dbc45fdda2c.js":"6e2cfa92d8251ab2e71e37f21346e9c66bf87ac2b62d0b2eb696d22424b0da3a","/329.32566242824b875b3671.js":"4247eec00829556455781b65736d3524a1d9742551dee8409ef0b3a9963f4164","/37.0ae7d675a101b0fffb55.js":"75c704f543bc76ced95a70ac124f48f437d0e39fad91aa1ba2d581e62a8787ba","/456.ef4facd6d95adad4ab78.js":"bd4aa26f1fcde0d8b15bbed25bc244c1a877df563c66be4bdf79ee1bfa6906a3","/493.c0f4c36978692f19616d.js":"443cc87712cb4b23137b3898f0aeead5c7b9e5f353010eb86fa24618efcc0192","/381.75f91ce572abe6d8afa9.js":"08261ecb03761e3a15f9d084593c04ecb7243b192282268fd509234314158af0","/612.2eab66283e5c92c54487.js":"c4d4c8d71556906fbc587cedbb37416ac017bd623a75c507ecca722c1bd83e7d","/644.21ba25b52b72e6eb9097.js":"050610524f9f4aecfd88dd0c882088ec105a33400f9fc72e1c60ad194ab0d70f","/700.c9b9afb4528b5bfef3ed.js":"8320fb612b2d50bec2ee3393fbcda6f706611d1db549fadc2ea0439acdb563c9","/54.b69fedc9a2ebc6b95a04.js":"95633add32b56d0c582eb3c9cc55345bbd19e7802b9a5669dae5c21a93b2e8af","/721.c5e881958331af9b8669.js":"f572af8a4b03a4d3432616d322ef7caa5f44d7e41090eb2a818436e1535c2324","/834.585ed460e3ed5b80551c.js":"3d45e9917c64d0520e7c5b28705ab7bdbed17a25c39dfb26a69d5c486d80ee10","/774.361b50db9044f0e68cce.js":"8fec858f8de305da10cac7c70a495f9d11d20e5db35190d6c705b2273e3b547a","/875.a8c0e54aab8d5ada209b.js":"73cf83c5789d845ec666219fa8551833c7932ef899b4c48bf1d4f77dc5c2de44","/3rdpartylicenses.txt":"df8f930d1a5026d7ef0615689f7c4a1028c9c7d36c9b44fc260b7ebc01fbeb1e","/970.75af9b5f85bfda185a23.js":"af362cc7c3418df8bea257f1e85a17717193be8fd096ca9aff6f46cbc3c5df63","/10.820649663d67396f59ed.js":"e3eb9181e814ec1691b5b89676a29eaf9c006b8a0a896a5e6f1aa01ad67b32e4","/869.146df547bef88217692f.js":"fd5e582f1c366f3c7a417de385f04ba946789c97368b067c726e9e86fe1d382e","/900.6025beb37879490c00ba.js":"0648558ad56b55b4eee150273312f0fa1cbc12f184da43298eede24cf589028d","/841.dd8df37bd29803e0c544.js":"e53586cad00c2f5518274add19922839133ea83aa3d4e6274d807c5f2cb312fc","/92.a69f45ca62e327837b07.js":"bb10b46dc2519382665aba3f3f6c9ba8cee969acbd7ccabb8cc9d2e85048d29c","/fa-regular-400.7a3337626410ca2f4071.woff2":"10463810c7ee9d8987df29fd021d5146f1efcb6c864920d5345cfac7ea0cf1ff","/fa-regular-400.491974d108fe4002b2aa.ttf":"4d83ab538acc5f1d26d8111b732c0e75f3faab9d4540747c3e7cbb11786de042","/fa-regular-400.77206a6bb316fa0aded5.eot":"87cefa472c4eb49e13b9b6aab6522615529694253798161224b9b62967a4c2fe","/fa-regular-400.bb58e57c48a3e911f15f.woff":"29ac4f624abed2538116b5422f603b4bed34ed0acc3fbea156431b226a8af5fb","/favicon.ico":"29f9e154cad8ebdb4e55d3aa16623569291dc4ce28ae3b90a6b23627a3e415e5","/index.html":"29a1d41355dc98e3038a945b3db70c95364726832e09baa7664b44b8c3808873","/runtime.0d9e16849076538d9dd2.js":"c5b36f3423a8c025afc3bece7be33575ce0e4df0a110986d01dd0b8f817624c1","/polyfills.e1730dbde72928da1b70.js":"3a5357d1450d7212da8bb47dd2a908ae2af72755a94e5ff504c64e607e048979","/scripts.ce145d6f3ad663218df9.js":"5403851fabcaa806e7d6e610bdd01c29044691f16d15e045924a56a8c12ef894","/fa-regular-400.4689f52cc96215721344.svg":"ba9b5d118beaca04e1861792b99f07d7ff7c719b4dc7edc3bc57c5aa4b33deb6","/fa-brands-400.d878b0a6a1144760244f.woff2":"1806d3e05577044ca9a3df61bf16ecad9a67515604c1fe148da8bcc95eef7a41","/fa-solid-900.1551f4f60c37af51121f.woff2":"df3d2a0b949750e1be2d3ea97e362e8fe3f8fa31839a0916a871bf8dc94237ef","/fa-brands-400.2285773e6b4b172f07d9.woff":"2db98d8dde662f6a81b6eed3681af89e36cf9537968fa5e78064e6f558211b52","/fa-solid-900.eeccf4f66002c6f2ba24.woff":"dbab76f5d6f5a0244556eb1c11b18d6e9d07db463477f57f461e71c292598789","/fa-brands-400.23f19bb08961f37aaf69.eot":"e3671a7182bce691839cdb481fe288746bbfbd2dead9145b02917827b6964eeb","/fa-brands-400.527940b104eb2ea366c8.ttf":"5f36a0bafe27a809eee94935e611793357c2f5c2ec4bcbb744b37cbe66a67c8d","/styles.b1e67267a2b8dcd17350.css":"d018be2c93e4145d86c1fb387d4988131e9d03b1ea939750fdc46ec175bebe3e","/fa-solid-900.9bbb245e67a133f6e486.eot":"23216072b833b022dd07734c0098caa2b2610e52e4f6cf727488f9db06c90fdd","/main.aaaa8c67b82567610e3a.js":"5f3359c0174d8b50dcf0001fe08d48af4ad0c8c44c5f72ebe35d4c6619a92caa","/fa-solid-900.be9ee23c0c6390141475.ttf":"a39e0e26e6fac997102da11974df69ba0c1b8d058fd5319dbfbfe2122b392e2c","/fa-solid-900.7a8b4f130182d19a2d7c.svg":"14da4d08ac1a5f702e84b0c3b5b75940c2ed0e98ba4768720eac78cbeadcfb74","/fa-brands-400.2f517e09eb2ca6650ff5.svg":"8e9a16de9b7789636d234e22070368b1629ce4b58d25f9707454b4068bafa03a"}}
[debug] [2021-10-05T12:26:17.160Z] <<< [apiv2][status] POST https://firebasehosting.googleapis.com/v1beta1/sites/angular-firebase-ssr-812f6/versions/5606257627536963:populateFiles 200
[debug] [2021-10-05T12:26:17.160Z] <<< [apiv2][body] POST https://firebasehosting.googleapis.com/v1beta1/sites/angular-firebase-ssr-812f6/versions/5606257627536963:populateFiles {"uploadRequiredHashes":["5f3359c0174d8b50dcf0001fe08d48af4ad0c8c44c5f72ebe35d4c6619a92caa","a68ed342e7eac30e0f95f43e21abb458fede68632c109ab52c8513f22d8fcf2b","c5b36f3423a8c025afc3bece7be33575ce0e4df0a110986d01dd0b8f817624c1","29a1d41355dc98e3038a945b3db70c95364726832e09baa7664b44b8c3808873"],"uploadUrl":"https://upload-firebasehosting.googleapis.com/upload/sites/angular-firebase-ssr-812f6/versions/5606257627536963/files"}
[debug] [2021-10-05T12:26:17.162Z] >>> [apiv2][query] POST https://upload-firebasehosting.googleapis.com/upload/sites/angular-firebase-ssr-812f6/versions/5606257627536963/files/5f3359c0174d8b50dcf0001fe08d48af4ad0c8c44c5f72ebe35d4c6619a92caa [none]
[debug] [2021-10-05T12:26:17.162Z] >>> [apiv2][body] POST https://upload-firebasehosting.googleapis.com/upload/sites/angular-firebase-ssr-812f6/versions/5606257627536963/files/5f3359c0174d8b50dcf0001fe08d48af4ad0c8c44c5f72ebe35d4c6619a92caa [stream]
[debug] [2021-10-05T12:26:17.163Z] >>> [apiv2][query] POST https://upload-firebasehosting.googleapis.com/upload/sites/angular-firebase-ssr-812f6/versions/5606257627536963/files/a68ed342e7eac30e0f95f43e21abb458fede68632c109ab52c8513f22d8fcf2b [none]
[debug] [2021-10-05T12:26:17.163Z] >>> [apiv2][body] POST https://upload-firebasehosting.googleapis.com/upload/sites/angular-firebase-ssr-812f6/versions/5606257627536963/files/a68ed342e7eac30e0f95f43e21abb458fede68632c109ab52c8513f22d8fcf2b [stream]
[debug] [2021-10-05T12:26:17.164Z] >>> [apiv2][query] POST https://upload-firebasehosting.googleapis.com/upload/sites/angular-firebase-ssr-812f6/versions/5606257627536963/files/c5b36f3423a8c025afc3bece7be33575ce0e4df0a110986d01dd0b8f817624c1 [none]
[debug] [2021-10-05T12:26:17.164Z] >>> [apiv2][body] POST https://upload-firebasehosting.googleapis.com/upload/sites/angular-firebase-ssr-812f6/versions/5606257627536963/files/c5b36f3423a8c025afc3bece7be33575ce0e4df0a110986d01dd0b8f817624c1 [stream]
[debug] [2021-10-05T12:26:17.164Z] >>> [apiv2][query] POST https://upload-firebasehosting.googleapis.com/upload/sites/angular-firebase-ssr-812f6/versions/5606257627536963/files/29a1d41355dc98e3038a945b3db70c95364726832e09baa7664b44b8c3808873 [none]
[debug] [2021-10-05T12:26:17.164Z] >>> [apiv2][body] POST https://upload-firebasehosting.googleapis.com/upload/sites/angular-firebase-ssr-812f6/versions/5606257627536963/files/29a1d41355dc98e3038a945b3db70c95364726832e09baa7664b44b8c3808873 [stream]
[debug] [2021-10-05T12:26:17.165Z] [hosting][populate queue][FINAL] {"max":1476,"min":1476,"avg":1476,"active":0,"complete":1,"success":1,"errored":0,"retried":0,"total":1,"elapsed":1479}
[debug] [2021-10-05T12:26:17.165Z] [hosting] uploads queued: 4
[debug] [2021-10-05T12:26:18.493Z] <<< [apiv2][status] POST https://upload-firebasehosting.googleapis.com/upload/sites/angular-firebase-ssr-812f6/versions/5606257627536963/files/29a1d41355dc98e3038a945b3db70c95364726832e09baa7664b44b8c3808873 200
[debug] [2021-10-05T12:26:18.493Z] <<< [apiv2][body] POST https://upload-firebasehosting.googleapis.com/upload/sites/angular-firebase-ssr-812f6/versions/5606257627536963/files/29a1d41355dc98e3038a945b3db70c95364726832e09baa7664b44b8c3808873 [stream]
[debug] [2021-10-05T12:26:18.686Z] <<< [apiv2][status] POST https://upload-firebasehosting.googleapis.com/upload/sites/angular-firebase-ssr-812f6/versions/5606257627536963/files/a68ed342e7eac30e0f95f43e21abb458fede68632c109ab52c8513f22d8fcf2b 200
[debug] [2021-10-05T12:26:18.686Z] <<< [apiv2][body] POST https://upload-firebasehosting.googleapis.com/upload/sites/angular-firebase-ssr-812f6/versions/5606257627536963/files/a68ed342e7eac30e0f95f43e21abb458fede68632c109ab52c8513f22d8fcf2b [stream]
[debug] [2021-10-05T12:26:18.692Z] <<< [apiv2][status] POST https://upload-firebasehosting.googleapis.com/upload/sites/angular-firebase-ssr-812f6/versions/5606257627536963/files/c5b36f3423a8c025afc3bece7be33575ce0e4df0a110986d01dd0b8f817624c1 200
[debug] [2021-10-05T12:26:18.692Z] <<< [apiv2][body] POST https://upload-firebasehosting.googleapis.com/upload/sites/angular-firebase-ssr-812f6/versions/5606257627536963/files/c5b36f3423a8c025afc3bece7be33575ce0e4df0a110986d01dd0b8f817624c1 [stream]
[debug] [2021-10-05T12:26:18.919Z] <<< [apiv2][status] POST https://upload-firebasehosting.googleapis.com/upload/sites/angular-firebase-ssr-812f6/versions/5606257627536963/files/5f3359c0174d8b50dcf0001fe08d48af4ad0c8c44c5f72ebe35d4c6619a92caa 200
[debug] [2021-10-05T12:26:18.920Z] <<< [apiv2][body] POST https://upload-firebasehosting.googleapis.com/upload/sites/angular-firebase-ssr-812f6/versions/5606257627536963/files/5f3359c0174d8b50dcf0001fe08d48af4ad0c8c44c5f72ebe35d4c6619a92caa [stream]
[debug] [2021-10-05T12:26:18.920Z] [hosting][upload queue][FINAL] {"max":1760,"min":1332,"avg":1537,"active":0,"complete":4,"success":4,"errored":0,"retried":0,"total":4,"elapsed":1760}
[info] ✔  hosting[angular-firebase-ssr-812f6]: file upload complete 
[debug] [2021-10-05T12:26:18.920Z] [hosting] deploy completed after 3363ms
[info] i  functions: updating Node.js 12 function ssr(us-central1)... 
[debug] [2021-10-05T12:26:18.924Z] Trigger is:  {"httpsTrigger":{}}
[debug] [2021-10-05T12:26:18.926Z] > refreshing access token with scopes: ["email","https://www.googleapis.com/auth/cloud-platform","https://www.googleapis.com/auth/cloudplatformprojects.readonly","https://www.googleapis.com/auth/firebase","openid"]
[debug] [2021-10-05T12:26:18.926Z] >>> HTTP REQUEST POST https://www.googleapis.com/oauth2/v3/token  
 <request body omitted>
[debug] [2021-10-05T12:26:19.079Z] <<< HTTP RESPONSE 200 {"date":"Tue, 05 Oct 2021 12:26:19 GMT","pragma":"no-cache","expires":"Mon, 01 Jan 1990 00:00:00 GMT","cache-control":"no-cache, no-store, max-age=0, must-revalidate","content-type":"application/json; charset=utf-8","vary":"X-Origin, Referer, Origin,Accept-Encoding","server":"scaffolding on HTTPServer2","x-xss-protection":"0","x-frame-options":"SAMEORIGIN","x-content-type-options":"nosniff","alt-svc":"h3=\":443\"; ma=2592000,h3-29=\":443\"; ma=2592000,h3-T051=\":443\"; ma=2592000,h3-Q050=\":443\"; ma=2592000,h3-Q046=\":443\"; ma=2592000,h3-Q043=\":443\"; ma=2592000,quic=\":443\"; ma=2592000; v=\"46,43\"","accept-ranges":"none","transfer-encoding":"chunked"}
[debug] [2021-10-05T12:26:19.110Z] >>> HTTP REQUEST PATCH https://cloudfunctions.googleapis.com/v1/projects/angular-firebase-ssr-812f6/locations/us-central1/functions/ssr {"updateMask":"sourceUploadUrl,name,labels,runtime,environmentVariables,httpsTrigger"} 
 {"sourceUploadUrl":"https://storage.googleapis.com/gcf-upload-us-central1-ed84ae19-f160-45a6-ab66-5fc756b3bd08/7549dc6d-539e-4555-be8a-34e6b0f76e2c.zip?GoogleAccessId=service-974377673103@gcf-admin-robot.iam.gserviceaccount.com&Expires=1633438572&Signature=PKer4FLq8VYV3nC%2B8SUfQznb9lD%2BuEIdlqIhYoL6CXRGo96%2BHr0RCj3dQub17AtUAzLBIGBJ5wgHQyMMgX0bqQOShUIFIhCNxyC4Seh5QXa8JjlAEzpU77HqqmqtdPCas3Ly2iVKpY1sF7u0WMpaBX2%2FY0060Pc88Y1eFHkslaC9LBpNe3hs5jHNzSsYUlO%2Fs8sWRHRiDAqO4YqlQjwrcTp4Zz86cAAPzTXVJFaGP5%2FFiXtRIpgR%2FmH3QRBV%2BLeULZAUAwTtGoQ%2Bz5o96AICopAwntbvctvR51%2BybUzQHS6Bc9CXtc422A8Mq6xC8c5aj%2FfNUMENl9Uc7F8wSn5Lhw%3D%3D","name":"projects/angular-firebase-ssr-812f6/locations/us-central1/functions/ssr","labels":{"deployment-tool":"cli-firebase"},"httpsTrigger":{},"runtime":"nodejs12","environmentVariables":{"FIREBASE_CONFIG":"{\"projectId\":\"angular-firebase-ssr-812f6\",\"storageBucket\":\"angular-firebase-ssr-812f6.appspot.com\"}"}}
[debug] [2021-10-05T12:26:19.670Z] <<< HTTP RESPONSE 200 {"content-type":"application/json; charset=UTF-8","vary":"X-Origin, Referer, Origin,Accept-Encoding","date":"Tue, 05 Oct 2021 12:26:19 GMT","server":"ESF","cache-control":"private","x-xss-protection":"0","x-frame-options":"SAMEORIGIN","x-content-type-options":"nosniff","alt-svc":"h3=\":443\"; ma=2592000,h3-29=\":443\"; ma=2592000,h3-T051=\":443\"; ma=2592000,h3-Q050=\":443\"; ma=2592000,h3-Q046=\":443\"; ma=2592000,h3-Q043=\":443\"; ma=2592000,quic=\":443\"; ma=2592000; v=\"46,43\"","accept-ranges":"none","transfer-encoding":"chunked"}
[debug] [2021-10-05T12:26:19.672Z] >>> HTTP REQUEST GET https://cloudfunctions.googleapis.com/v1/projects/angular-firebase-ssr-812f6/locations/-/functions  
 
[debug] [2021-10-05T12:26:20.245Z] <<< HTTP RESPONSE 200 {"content-type":"application/json; charset=UTF-8","vary":"X-Origin, Referer, Origin,Accept-Encoding","date":"Tue, 05 Oct 2021 12:26:20 GMT","server":"ESF","cache-control":"private","x-xss-protection":"0","x-frame-options":"SAMEORIGIN","x-content-type-options":"nosniff","alt-svc":"h3=\":443\"; ma=2592000,h3-29=\":443\"; ma=2592000,h3-T051=\":443\"; ma=2592000,h3-Q050=\":443\"; ma=2592000,h3-Q046=\":443\"; ma=2592000,h3-Q043=\":443\"; ma=2592000,quic=\":443\"; ma=2592000; v=\"46,43\"","accept-ranges":"none","transfer-encoding":"chunked"}
[debug] [2021-10-05T12:26:20.245Z] >>> HTTP REQUEST GET https://cloudfunctions.googleapis.com/v1/operations/YW5ndWxhci1maXJlYmFzZS1zc3ItODEyZjYvdXMtY2VudHJhbDEvc3NyL01Ccmh3Z3hob2pZ  
 
[debug] [2021-10-05T12:26:20.563Z] <<< HTTP RESPONSE 200 {"content-type":"application/json; charset=UTF-8","vary":"X-Origin, Referer, Origin,Accept-Encoding","date":"Tue, 05 Oct 2021 12:26:20 GMT","server":"ESF","cache-control":"private","x-xss-protection":"0","x-frame-options":"SAMEORIGIN","x-content-type-options":"nosniff","alt-svc":"h3=\":443\"; ma=2592000,h3-29=\":443\"; ma=2592000,h3-T051=\":443\"; ma=2592000,h3-Q050=\":443\"; ma=2592000,h3-Q046=\":443\"; ma=2592000,h3-Q043=\":443\"; ma=2592000,quic=\":443\"; ma=2592000; v=\"46,43\"","accept-ranges":"none","transfer-encoding":"chunked"}
[debug] [2021-10-05T12:26:22.566Z] >>> HTTP REQUEST GET https://cloudfunctions.googleapis.com/v1/operations/YW5ndWxhci1maXJlYmFzZS1zc3ItODEyZjYvdXMtY2VudHJhbDEvc3NyL01Ccmh3Z3hob2pZ  
 
[debug] [2021-10-05T12:26:22.851Z] <<< HTTP RESPONSE 200 {"content-type":"application/json; charset=UTF-8","vary":"X-Origin, Referer, Origin,Accept-Encoding","date":"Tue, 05 Oct 2021 12:26:22 GMT","server":"ESF","cache-control":"private","x-xss-protection":"0","x-frame-options":"SAMEORIGIN","x-content-type-options":"nosniff","alt-svc":"h3=\":443\"; ma=2592000,h3-29=\":443\"; ma=2592000,h3-T051=\":443\"; ma=2592000,h3-Q050=\":443\"; ma=2592000,h3-Q046=\":443\"; ma=2592000,h3-Q043=\":443\"; ma=2592000,quic=\":443\"; ma=2592000; v=\"46,43\"","accept-ranges":"none","transfer-encoding":"chunked"}
[debug] [2021-10-05T12:26:24.851Z] >>> HTTP REQUEST GET https://cloudfunctions.googleapis.com/v1/operations/YW5ndWxhci1maXJlYmFzZS1zc3ItODEyZjYvdXMtY2VudHJhbDEvc3NyL01Ccmh3Z3hob2pZ  
 
[debug] [2021-10-05T12:26:25.141Z] <<< HTTP RESPONSE 200 {"content-type":"application/json; charset=UTF-8","vary":"X-Origin, Referer, Origin,Accept-Encoding","date":"Tue, 05 Oct 2021 12:26:25 GMT","server":"ESF","cache-control":"private","x-xss-protection":"0","x-frame-options":"SAMEORIGIN","x-content-type-options":"nosniff","alt-svc":"h3=\":443\"; ma=2592000,h3-29=\":443\"; ma=2592000,h3-T051=\":443\"; ma=2592000,h3-Q050=\":443\"; ma=2592000,h3-Q046=\":443\"; ma=2592000,h3-Q043=\":443\"; ma=2592000,quic=\":443\"; ma=2592000; v=\"46,43\"","accept-ranges":"none","transfer-encoding":"chunked"}
[debug] [2021-10-05T12:26:27.143Z] >>> HTTP REQUEST GET https://cloudfunctions.googleapis.com/v1/operations/YW5ndWxhci1maXJlYmFzZS1zc3ItODEyZjYvdXMtY2VudHJhbDEvc3NyL01Ccmh3Z3hob2pZ  
 
[debug] [2021-10-05T12:26:27.439Z] <<< HTTP RESPONSE 200 {"content-type":"application/json; charset=UTF-8","vary":"X-Origin, Referer, Origin,Accept-Encoding","date":"Tue, 05 Oct 2021 12:26:27 GMT","server":"ESF","cache-control":"private","x-xss-protection":"0","x-frame-options":"SAMEORIGIN","x-content-type-options":"nosniff","alt-svc":"h3=\":443\"; ma=2592000,h3-29=\":443\"; ma=2592000,h3-T051=\":443\"; ma=2592000,h3-Q050=\":443\"; ma=2592000,h3-Q046=\":443\"; ma=2592000,h3-Q043=\":443\"; ma=2592000,quic=\":443\"; ma=2592000; v=\"46,43\"","accept-ranges":"none","transfer-encoding":"chunked"}
[debug] [2021-10-05T12:26:29.444Z] >>> HTTP REQUEST GET https://cloudfunctions.googleapis.com/v1/operations/YW5ndWxhci1maXJlYmFzZS1zc3ItODEyZjYvdXMtY2VudHJhbDEvc3NyL01Ccmh3Z3hob2pZ  
 
[debug] [2021-10-05T12:26:29.746Z] <<< HTTP RESPONSE 200 {"content-type":"application/json; charset=UTF-8","vary":"X-Origin, Referer, Origin,Accept-Encoding","date":"Tue, 05 Oct 2021 12:26:29 GMT","server":"ESF","cache-control":"private","x-xss-protection":"0","x-frame-options":"SAMEORIGIN","x-content-type-options":"nosniff","alt-svc":"h3=\":443\"; ma=2592000,h3-29=\":443\"; ma=2592000,h3-T051=\":443\"; ma=2592000,h3-Q050=\":443\"; ma=2592000,h3-Q046=\":443\"; ma=2592000,h3-Q043=\":443\"; ma=2592000,quic=\":443\"; ma=2592000; v=\"46,43\"","accept-ranges":"none","transfer-encoding":"chunked"}
[debug] [2021-10-05T12:26:31.747Z] >>> HTTP REQUEST GET https://cloudfunctions.googleapis.com/v1/operations/YW5ndWxhci1maXJlYmFzZS1zc3ItODEyZjYvdXMtY2VudHJhbDEvc3NyL01Ccmh3Z3hob2pZ  
 
[debug] [2021-10-05T12:26:32.051Z] <<< HTTP RESPONSE 200 {"content-type":"application/json; charset=UTF-8","vary":"X-Origin, Referer, Origin,Accept-Encoding","date":"Tue, 05 Oct 2021 12:26:32 GMT","server":"ESF","cache-control":"private","x-xss-protection":"0","x-frame-options":"SAMEORIGIN","x-content-type-options":"nosniff","alt-svc":"h3=\":443\"; ma=2592000,h3-29=\":443\"; ma=2592000,h3-T051=\":443\"; ma=2592000,h3-Q050=\":443\"; ma=2592000,h3-Q046=\":443\"; ma=2592000,h3-Q043=\":443\"; ma=2592000,quic=\":443\"; ma=2592000; v=\"46,43\"","accept-ranges":"none","transfer-encoding":"chunked"}
[debug] [2021-10-05T12:26:34.054Z] >>> HTTP REQUEST GET https://cloudfunctions.googleapis.com/v1/operations/YW5ndWxhci1maXJlYmFzZS1zc3ItODEyZjYvdXMtY2VudHJhbDEvc3NyL01Ccmh3Z3hob2pZ  
 
[debug] [2021-10-05T12:26:34.381Z] <<< HTTP RESPONSE 200 {"content-type":"application/json; charset=UTF-8","vary":"X-Origin, Referer, Origin,Accept-Encoding","date":"Tue, 05 Oct 2021 12:26:34 GMT","server":"ESF","cache-control":"private","x-xss-protection":"0","x-frame-options":"SAMEORIGIN","x-content-type-options":"nosniff","alt-svc":"h3=\":443\"; ma=2592000,h3-29=\":443\"; ma=2592000,h3-T051=\":443\"; ma=2592000,h3-Q050=\":443\"; ma=2592000,h3-Q046=\":443\"; ma=2592000,h3-Q043=\":443\"; ma=2592000,quic=\":443\"; ma=2592000; v=\"46,43\"","accept-ranges":"none","transfer-encoding":"chunked"}
[debug] [2021-10-05T12:26:36.384Z] >>> HTTP REQUEST GET https://cloudfunctions.googleapis.com/v1/operations/YW5ndWxhci1maXJlYmFzZS1zc3ItODEyZjYvdXMtY2VudHJhbDEvc3NyL01Ccmh3Z3hob2pZ  
 
[debug] [2021-10-05T12:26:36.685Z] <<< HTTP RESPONSE 200 {"content-type":"application/json; charset=UTF-8","vary":"X-Origin, Referer, Origin,Accept-Encoding","date":"Tue, 05 Oct 2021 12:26:36 GMT","server":"ESF","cache-control":"private","x-xss-protection":"0","x-frame-options":"SAMEORIGIN","x-content-type-options":"nosniff","alt-svc":"h3=\":443\"; ma=2592000,h3-29=\":443\"; ma=2592000,h3-T051=\":443\"; ma=2592000,h3-Q050=\":443\"; ma=2592000,h3-Q046=\":443\"; ma=2592000,h3-Q043=\":443\"; ma=2592000,quic=\":443\"; ma=2592000; v=\"46,43\"","accept-ranges":"none","transfer-encoding":"chunked"}
[debug] [2021-10-05T12:26:38.689Z] >>> HTTP REQUEST GET https://cloudfunctions.googleapis.com/v1/operations/YW5ndWxhci1maXJlYmFzZS1zc3ItODEyZjYvdXMtY2VudHJhbDEvc3NyL01Ccmh3Z3hob2pZ  
 
[debug] [2021-10-05T12:26:38.973Z] <<< HTTP RESPONSE 200 {"content-type":"application/json; charset=UTF-8","vary":"X-Origin, Referer, Origin,Accept-Encoding","date":"Tue, 05 Oct 2021 12:26:39 GMT","server":"ESF","cache-control":"private","x-xss-protection":"0","x-frame-options":"SAMEORIGIN","x-content-type-options":"nosniff","alt-svc":"h3=\":443\"; ma=2592000,h3-29=\":443\"; ma=2592000,h3-T051=\":443\"; ma=2592000,h3-Q050=\":443\"; ma=2592000,h3-Q046=\":443\"; ma=2592000,h3-Q043=\":443\"; ma=2592000,quic=\":443\"; ma=2592000; v=\"46,43\"","accept-ranges":"none","transfer-encoding":"chunked"}
[debug] [2021-10-05T12:26:40.976Z] >>> HTTP REQUEST GET https://cloudfunctions.googleapis.com/v1/operations/YW5ndWxhci1maXJlYmFzZS1zc3ItODEyZjYvdXMtY2VudHJhbDEvc3NyL01Ccmh3Z3hob2pZ  
 
[debug] [2021-10-05T12:26:41.260Z] <<< HTTP RESPONSE 200 {"content-type":"application/json; charset=UTF-8","vary":"X-Origin, Referer, Origin,Accept-Encoding","date":"Tue, 05 Oct 2021 12:26:41 GMT","server":"ESF","cache-control":"private","x-xss-protection":"0","x-frame-options":"SAMEORIGIN","x-content-type-options":"nosniff","alt-svc":"h3=\":443\"; ma=2592000,h3-29=\":443\"; ma=2592000,h3-T051=\":443\"; ma=2592000,h3-Q050=\":443\"; ma=2592000,h3-Q046=\":443\"; ma=2592000,h3-Q043=\":443\"; ma=2592000,quic=\":443\"; ma=2592000; v=\"46,43\"","accept-ranges":"none","transfer-encoding":"chunked"}
[debug] [2021-10-05T12:26:43.263Z] >>> HTTP REQUEST GET https://cloudfunctions.googleapis.com/v1/operations/YW5ndWxhci1maXJlYmFzZS1zc3ItODEyZjYvdXMtY2VudHJhbDEvc3NyL01Ccmh3Z3hob2pZ  
 
[debug] [2021-10-05T12:26:43.557Z] <<< HTTP RESPONSE 200 {"content-type":"application/json; charset=UTF-8","vary":"X-Origin, Referer, Origin,Accept-Encoding","date":"Tue, 05 Oct 2021 12:26:43 GMT","server":"ESF","cache-control":"private","x-xss-protection":"0","x-frame-options":"SAMEORIGIN","x-content-type-options":"nosniff","alt-svc":"h3=\":443\"; ma=2592000,h3-29=\":443\"; ma=2592000,h3-T051=\":443\"; ma=2592000,h3-Q050=\":443\"; ma=2592000,h3-Q046=\":443\"; ma=2592000,h3-Q043=\":443\"; ma=2592000,quic=\":443\"; ma=2592000; v=\"46,43\"","accept-ranges":"none","transfer-encoding":"chunked"}
[debug] [2021-10-05T12:26:45.557Z] >>> HTTP REQUEST GET https://cloudfunctions.googleapis.com/v1/operations/YW5ndWxhci1maXJlYmFzZS1zc3ItODEyZjYvdXMtY2VudHJhbDEvc3NyL01Ccmh3Z3hob2pZ  
 
[debug] [2021-10-05T12:26:45.861Z] <<< HTTP RESPONSE 200 {"content-type":"application/json; charset=UTF-8","vary":"X-Origin, Referer, Origin,Accept-Encoding","date":"Tue, 05 Oct 2021 12:26:45 GMT","server":"ESF","cache-control":"private","x-xss-protection":"0","x-frame-options":"SAMEORIGIN","x-content-type-options":"nosniff","alt-svc":"h3=\":443\"; ma=2592000,h3-29=\":443\"; ma=2592000,h3-T051=\":443\"; ma=2592000,h3-Q050=\":443\"; ma=2592000,h3-Q046=\":443\"; ma=2592000,h3-Q043=\":443\"; ma=2592000,quic=\":443\"; ma=2592000; v=\"46,43\"","accept-ranges":"none","transfer-encoding":"chunked"}
[debug] [2021-10-05T12:26:47.861Z] >>> HTTP REQUEST GET https://cloudfunctions.googleapis.com/v1/operations/YW5ndWxhci1maXJlYmFzZS1zc3ItODEyZjYvdXMtY2VudHJhbDEvc3NyL01Ccmh3Z3hob2pZ  
 
[debug] [2021-10-05T12:26:48.156Z] <<< HTTP RESPONSE 200 {"content-type":"application/json; charset=UTF-8","vary":"X-Origin, Referer, Origin,Accept-Encoding","date":"Tue, 05 Oct 2021 12:26:48 GMT","server":"ESF","cache-control":"private","x-xss-protection":"0","x-frame-options":"SAMEORIGIN","x-content-type-options":"nosniff","alt-svc":"h3=\":443\"; ma=2592000,h3-29=\":443\"; ma=2592000,h3-T051=\":443\"; ma=2592000,h3-Q050=\":443\"; ma=2592000,h3-Q046=\":443\"; ma=2592000,h3-Q043=\":443\"; ma=2592000,quic=\":443\"; ma=2592000; v=\"46,43\"","accept-ranges":"none","transfer-encoding":"chunked"}
[debug] [2021-10-05T12:26:50.158Z] >>> HTTP REQUEST GET https://cloudfunctions.googleapis.com/v1/operations/YW5ndWxhci1maXJlYmFzZS1zc3ItODEyZjYvdXMtY2VudHJhbDEvc3NyL01Ccmh3Z3hob2pZ  
 
[debug] [2021-10-05T12:26:50.434Z] <<< HTTP RESPONSE 200 {"content-type":"application/json; charset=UTF-8","vary":"X-Origin, Referer, Origin,Accept-Encoding","date":"Tue, 05 Oct 2021 12:26:50 GMT","server":"ESF","cache-control":"private","x-xss-protection":"0","x-frame-options":"SAMEORIGIN","x-content-type-options":"nosniff","alt-svc":"h3=\":443\"; ma=2592000,h3-29=\":443\"; ma=2592000,h3-T051=\":443\"; ma=2592000,h3-Q050=\":443\"; ma=2592000,h3-Q046=\":443\"; ma=2592000,h3-Q043=\":443\"; ma=2592000,quic=\":443\"; ma=2592000; v=\"46,43\"","accept-ranges":"none","transfer-encoding":"chunked"}
[debug] [2021-10-05T12:26:52.435Z] >>> HTTP REQUEST GET https://cloudfunctions.googleapis.com/v1/operations/YW5ndWxhci1maXJlYmFzZS1zc3ItODEyZjYvdXMtY2VudHJhbDEvc3NyL01Ccmh3Z3hob2pZ  
 
[debug] [2021-10-05T12:26:52.730Z] <<< HTTP RESPONSE 200 {"content-type":"application/json; charset=UTF-8","vary":"X-Origin, Referer, Origin,Accept-Encoding","date":"Tue, 05 Oct 2021 12:26:52 GMT","server":"ESF","cache-control":"private","x-xss-protection":"0","x-frame-options":"SAMEORIGIN","x-content-type-options":"nosniff","alt-svc":"h3=\":443\"; ma=2592000,h3-29=\":443\"; ma=2592000,h3-T051=\":443\"; ma=2592000,h3-Q050=\":443\"; ma=2592000,h3-Q046=\":443\"; ma=2592000,h3-Q043=\":443\"; ma=2592000,quic=\":443\"; ma=2592000; v=\"46,43\"","accept-ranges":"none","transfer-encoding":"chunked"}
[debug] [2021-10-05T12:26:54.731Z] >>> HTTP REQUEST GET https://cloudfunctions.googleapis.com/v1/operations/YW5ndWxhci1maXJlYmFzZS1zc3ItODEyZjYvdXMtY2VudHJhbDEvc3NyL01Ccmh3Z3hob2pZ  
 
[debug] [2021-10-05T12:26:55.016Z] <<< HTTP RESPONSE 200 {"content-type":"application/json; charset=UTF-8","vary":"X-Origin, Referer, Origin,Accept-Encoding","date":"Tue, 05 Oct 2021 12:26:55 GMT","server":"ESF","cache-control":"private","x-xss-protection":"0","x-frame-options":"SAMEORIGIN","x-content-type-options":"nosniff","alt-svc":"h3=\":443\"; ma=2592000,h3-29=\":443\"; ma=2592000,h3-T051=\":443\"; ma=2592000,h3-Q050=\":443\"; ma=2592000,h3-Q046=\":443\"; ma=2592000,h3-Q043=\":443\"; ma=2592000,quic=\":443\"; ma=2592000; v=\"46,43\"","accept-ranges":"none","transfer-encoding":"chunked"}
